2025-04-06 14:44:49,611 - INFO - Processing tournament: Europa League
2025-04-06 14:44:49,611 - INFO - ====== WebDriver manager ======
2025-04-06 14:44:50,615 - INFO - Get LATEST chromedriver version for google-chrome
2025-04-06 14:44:50,775 - INFO - Get LATEST chromedriver version for google-chrome
2025-04-06 14:44:50,892 - INFO - Driver [C:\Users\anlam\.wdm\drivers\chromedriver\win64\134.0.6998.165\chromedriver-win32/chromedriver.exe] found in cache
2025-04-06 14:45:00,897 - INFO - ====== WebDriver manager ======
2025-04-06 14:45:01,788 - INFO - Get LATEST chromedriver version for google-chrome
2025-04-06 14:45:01,928 - INFO - Get LATEST chromedriver version for google-chrome
2025-04-06 14:45:06,153 - INFO - Driver [C:\Users\anlam\.wdm\drivers\chromedriver\win64\134.0.6998.165\chromedriver-win32/chromedriver.exe] found in cache
2025-04-06 14:45:07,408 - INFO - Fetching https://www.winmasters.gr/el/sports/i/event/1/%CF%80%CE%BF%CE%B4%CF%8C%CF%83%CF%86%CE%B1%CE%B9%CF%81...
2025-04-06 14:45:10,849 - INFO - Successfully retrieved the initial HTML page for https://www.winmasters.gr/el/sports/i/event/1/%CF%80%CE%BF%CE%B4%CF%8C%CF%83%CF%86%CE%B1%CE%B9%CF%81...
2025-04-06 14:45:11,916 - INFO - Time to fetch https://www.winmasters.gr/el/sports/i/event/1/%CF%80%CE%BF%CE%B4%CF%8C%CF%83%CF%86%CE%B1%CE%B9%CF%81...: 4.51 seconds
2025-04-06 14:45:11,916 - INFO - Fetching https://www.winmasters.gr/el/sports/i/event/1/%CF%80%CE%BF%CE%B4%CF%8C%CF%83%CF%86%CE%B1%CE%B9%CF%81...
2025-04-06 14:45:13,953 - INFO - Successfully retrieved the initial HTML page for https://www.winmasters.gr/el/sports/i/event/1/%CF%80%CE%BF%CE%B4%CF%8C%CF%83%CF%86%CE%B1%CE%B9%CF%81...
2025-04-06 14:45:14,934 - INFO - Time to fetch https://www.winmasters.gr/el/sports/i/event/1/%CF%80%CE%BF%CE%B4%CF%8C%CF%83%CF%86%CE%B1%CE%B9%CF%81...: 3.02 seconds
2025-04-06 14:45:14,935 - INFO - Fetching https://www.winmasters.gr/el/sports/i/event/1/%CF%80%CE%BF%CE%B4%CF%8C%CF%83%CF%86%CE%B1%CE%B9%CF%81...
2025-04-06 14:45:16,305 - INFO - Successfully retrieved the initial HTML page for https://www.winmasters.gr/el/sports/i/event/1/%CF%80%CE%BF%CE%B4%CF%8C%CF%83%CF%86%CE%B1%CE%B9%CF%81...
2025-04-06 14:45:17,219 - INFO - Time to fetch https://www.winmasters.gr/el/sports/i/event/1/%CF%80%CE%BF%CE%B4%CF%8C%CF%83%CF%86%CE%B1%CE%B9%CF%81...: 2.28 seconds
2025-04-06 14:45:17,219 - INFO - Fetching https://www.winmasters.gr/el/sports/i/event/1/%CF%80%CE%BF%CE%B4%CF%8C%CF%83%CF%86%CE%B1%CE%B9%CF%81...
2025-04-06 14:45:19,261 - INFO - Successfully retrieved the initial HTML page for https://www.winmasters.gr/el/sports/i/event/1/%CF%80%CE%BF%CE%B4%CF%8C%CF%83%CF%86%CE%B1%CE%B9%CF%81...
2025-04-06 14:45:20,393 - INFO - Time to fetch https://www.winmasters.gr/el/sports/i/event/1/%CF%80%CE%BF%CE%B4%CF%8C%CF%83%CF%86%CE%B1%CE%B9%CF%81...: 3.17 seconds
2025-04-06 14:45:22,755 - INFO - Processed 4 matches in Europa League.
2025-04-06 14:45:22,755 - INFO - Data saved to odds/winmasters/europa_league/europa_league_odds_winmasters.csv and odds/winmasters/europa_league/europa_league_odds_winmasters.json
2025-04-06 14:45:22,755 - INFO - Processing tournament: Champions League
2025-04-06 14:45:22,755 - INFO - ====== WebDriver manager ======
2025-04-06 14:45:23,727 - INFO - Get LATEST chromedriver version for google-chrome
2025-04-06 14:45:23,876 - INFO - Get LATEST chromedriver version for google-chrome
2025-04-06 14:45:23,991 - INFO - Driver [C:\Users\anlam\.wdm\drivers\chromedriver\win64\134.0.6998.165\chromedriver-win32/chromedriver.exe] found in cache
2025-04-06 14:45:46,523 - WARNING - No matches found for tournament: Champions League
2025-04-06 14:45:46,523 - INFO - Processing tournament: Super League 1
2025-04-06 14:45:46,523 - INFO - ====== WebDriver manager ======
2025-04-06 14:45:47,411 - INFO - Get LATEST chromedriver version for google-chrome
2025-04-06 14:45:51,621 - INFO - Get LATEST chromedriver version for google-chrome
2025-04-06 14:45:51,752 - INFO - Driver [C:\Users\anlam\.wdm\drivers\chromedriver\win64\134.0.6998.165\chromedriver-win32/chromedriver.exe] found in cache
2025-04-06 14:46:14,374 - WARNING - No matches found for tournament: Super League 1
2025-04-06 14:46:14,397 - INFO - Total matches processed across all tournaments: 4
2025-04-06 14:46:14,397 - INFO - Combined data saved to data/winmasters_data.json
2025-04-06 14:46:14,397 - INFO - 
Matches by tournament:
2025-04-06 14:46:14,397 - INFO - - Europa League: 4 matches
2025-04-06 14:46:14,397 - INFO - 
Processing complete!
2025-05-10 20:08:15,264 - INFO - Processing tournament: Europa League
2025-05-10 20:08:15,264 - INFO - ====== WebDriver manager ======
2025-05-10 20:08:17,089 - INFO - Get LATEST chromedriver version for google-chrome
2025-05-10 20:08:17,270 - INFO - Get LATEST chromedriver version for google-chrome
2025-05-10 20:08:17,476 - INFO - Driver [C:\Users\Demos\.wdm\drivers\chromedriver\win64\135.0.7049.114\chromedriver-win32/chromedriver.exe] found in cache
2025-05-10 20:08:36,694 - INFO - ====== WebDriver manager ======
2025-05-10 20:08:38,228 - INFO - Get LATEST chromedriver version for google-chrome
2025-05-10 20:08:38,381 - INFO - Get LATEST chromedriver version for google-chrome
2025-05-10 20:08:38,533 - INFO - Driver [C:\Users\Demos\.wdm\drivers\chromedriver\win64\135.0.7049.114\chromedriver-win32/chromedriver.exe] found in cache
2025-05-10 20:08:40,309 - INFO - Fetching https://www.winmasters.gr/el/sports/i/event/1/%CF%80%CE%BF%CE%B4%CF%8C%CF%83%CF%86%CE%B1%CE%B9%CF%81...
2025-05-10 20:08:50,980 - INFO - Successfully retrieved the initial HTML page for https://www.winmasters.gr/el/sports/i/event/1/%CF%80%CE%BF%CE%B4%CF%8C%CF%83%CF%86%CE%B1%CE%B9%CF%81...
2025-05-10 20:08:51,983 - INFO - Found match: Τότεναμ vs Μάντσεστερ Γιουνάιτεντ
2025-05-10 20:08:52,189 - INFO - Time to fetch https://www.winmasters.gr/el/sports/i/event/1/%CF%80%CE%BF%CE%B4%CF%8C%CF%83%CF%86%CE%B1%CE%B9%CF%81...: 11.88 seconds
2025-05-10 20:08:52,205 - INFO - Parsing data for Τότεναμ vs Μάντσεστερ Γιουνάιτεντ
2025-05-10 20:08:57,271 - INFO - Time to parse Τότεναμ vs Μάντσεστερ Γιουνάιτεντ: 5.07 seconds
2025-05-10 20:09:00,392 - INFO - Processed 1 matches in Europa League.
2025-05-10 20:09:00,407 - INFO - Data saved to odds/winmasters/europa_league/europa_league_odds_winmasters.csv and odds/winmasters/europa_league/europa_league_odds_winmasters.json
2025-05-10 20:09:00,438 - INFO - Processing tournament: Champions League
2025-05-10 20:09:00,438 - INFO - ====== WebDriver manager ======
2025-05-10 20:27:17,974 - INFO - Processing tournament: Europa League
2025-05-10 20:27:17,982 - INFO - ====== WebDriver manager ======
2025-05-10 20:27:19,782 - INFO - Get LATEST chromedriver version for google-chrome
2025-05-10 20:27:19,988 - INFO - Get LATEST chromedriver version for google-chrome
2025-05-10 20:27:20,177 - INFO - Driver [C:\Users\Demos\.wdm\drivers\chromedriver\win64\135.0.7049.114\chromedriver-win32/chromedriver.exe] found in cache
